<?xml version="1.0" encoding="UTF-8"?>
<testsuite xmlns:xsi="http://www.w3.org/2001/XMLSchema-instance" xsi:noNamespaceSchemaLocation="https://maven.apache.org/surefire/maven-surefire-plugin/xsd/surefire-test-report.xsd" name="company.IOCProj70_100pCodee_LayeredApp_SpringProfiels.AppTest" time="0.06" tests="1" errors="0" skipped="0" failures="0">
  <properties>
[...]
</properties>
  <testcase name="shouldAnswerWithTrue" classname="company.IOCProj70_100pCodee_LayeredApp_SpringProfiels.AppTest" time="0.003"/>
</testsuite>